# JRE version: OpenJDK Runtime Environment (8.0_152-b01) (build 1.8.0_152-release-915-b01)
# Java VM: OpenJDK 64-Bit Server VM (25.152-b01 mixed mode windows-amd64 compressed oops)
Heap:
 PSYoungGen      total 137216K, used 8566K [0x00000000eab00000, 0x00000000f6180000, 0x0000000100000000)
  eden space 112640K, 7% used [0x00000000eab00000,0x00000000eb35da40,0x00000000f1900000)
  from space 24576K, 0% used [0x00000000f1900000,0x00000000f1900000,0x00000000f3100000)
  to   space 23552K, 0% used [0x00000000f4a80000,0x00000000f4a80000,0x00000000f6180000)
 ParOldGen       total 116224K, used 49731K [0x00000000c0000000, 0x00000000c7180000, 0x00000000eab00000)
  object space 116224K, 42% used [0x00000000c0000000,0x00000000c3090cf8,0x00000000c7180000)
 Metaspace       used 56834K, capacity 59132K, committed 59284K, reserved 1099776K
  class space    used 7774K, capacity 8369K, committed 8448K, reserved 1048576K
GC Heap History (10 events):
Event: 16.405 GC heap before
{Heap before GC invocations=16 (full 2):
 PSYoungGen      total 84480K, used 84449K [0x00000000eab00000, 0x00000000f1f00000, 0x0000000100000000)
  eden space 74240K, 100% used [0x00000000eab00000,0x00000000ef380000,0x00000000ef380000)
  from space 10240K, 99% used [0x00000000ef380000,0x00000000efd786c0,0x00000000efd80000)
  to   space 12288K, 0% used [0x00000000f1300000,0x00000000f1300000,0x00000000f1f00000)
 ParOldGen       total 59392K, used 17679K [0x00000000c0000000, 0x00000000c3a00000, 0x00000000eab00000)
  object space 59392K, 29% used [0x00000000c0000000,0x00000000c1143cd8,0x00000000c3a00000)
 Metaspace       used 48925K, capacity 50268K, committed 50520K, reserved 1093632K
  class space    used 6550K, capacity 6970K, committed 7040K, reserved 1048576K
Event: 16.429 GC heap after
Heap after GC invocations=16 (full 2):
 PSYoungGen      total 104448K, used 12276K [0x00000000eab00000, 0x00000000f2480000, 0x0000000100000000)
  eden space 92160K, 0% used [0x00000000eab00000,0x00000000eab00000,0x00000000f0500000)
  from space 12288K, 99% used [0x00000000f1300000,0x00000000f1efd218,0x00000000f1f00000)
  to   space 14336K, 0% used [0x00000000f0500000,0x00000000f0500000,0x00000000f1300000)
 ParOldGen       total 59392K, used 19015K [0x00000000c0000000, 0x00000000c3a00000, 0x00000000eab00000)
  object space 59392K, 32% used [0x00000000c0000000,0x00000000c1291f30,0x00000000c3a00000)
 Metaspace       used 48925K, capacity 50268K, committed 50520K, reserved 1093632K
  class space    used 6550K, capacity 6970K, committed 7040K, reserved 1048576K
}
Event: 19.199 GC heap before
{Heap before GC invocations=17 (full 2):
 PSYoungGen      total 104448K, used 104436K [0x00000000eab00000, 0x00000000f2480000, 0x0000000100000000)
  eden space 92160K, 100% used [0x00000000eab00000,0x00000000f0500000,0x00000000f0500000)
  from space 12288K, 99% used [0x00000000f1300000,0x00000000f1efd218,0x00000000f1f00000)
  to   space 14336K, 0% used [0x00000000f0500000,0x00000000f0500000,0x00000000f1300000)
 ParOldGen       total 59392K, used 19015K [0x00000000c0000000, 0x00000000c3a00000, 0x00000000eab00000)
  object space 59392K, 32% used [0x00000000c0000000,0x00000000c1291f30,0x00000000c3a00000)
 Metaspace       used 54270K, capacity 56308K, committed 56536K, reserved 1097728K
  class space    used 7367K, capacity 7906K, committed 7936K, reserved 1048576K
Event: 19.234 GC heap after
Heap after GC invocations=17 (full 2):
 PSYoungGen      total 106496K, used 14333K [0x00000000eab00000, 0x00000000f4380000, 0x0000000100000000)
  eden space 92160K, 0% used [0x00000000eab00000,0x00000000eab00000,0x00000000f0500000)
  from space 14336K, 99% used [0x00000000f0500000,0x00000000f12ff4e0,0x00000000f1300000)
  to   space 18944K, 0% used [0x00000000f3100000,0x00000000f3100000,0x00000000f4380000)
 ParOldGen       total 59392K, used 25461K [0x00000000c0000000, 0x00000000c3a00000, 0x00000000eab00000)
  object space 59392K, 42% used [0x00000000c0000000,0x00000000c18dd660,0x00000000c3a00000)
 Metaspace       used 54270K, capacity 56308K, committed 56536K, reserved 1097728K
  class space    used 7367K, capacity 7906K, committed 7936K, reserved 1048576K
}
Event: 20.222 GC heap before
{Heap before GC invocations=18 (full 2):
 PSYoungGen      total 106496K, used 106493K [0x00000000eab00000, 0x00000000f4380000, 0x0000000100000000)
  eden space 92160K, 100% used [0x00000000eab00000,0x00000000f0500000,0x00000000f0500000)
  from space 14336K, 99% used [0x00000000f0500000,0x00000000f12ff4e0,0x00000000f1300000)
  to   space 18944K, 0% used [0x00000000f3100000,0x00000000f3100000,0x00000000f4380000)
 ParOldGen       total 59392K, used 25461K [0x00000000c0000000, 0x00000000c3a00000, 0x00000000eab00000)
  object space 59392K, 42% used [0x00000000c0000000,0x00000000c18dd660,0x00000000c3a00000)
 Metaspace       used 54827K, capacity 56844K, committed 56920K, reserved 1097728K
  class space    used 7462K, capacity 8032K, committed 8064K, reserved 1048576K
Event: 20.265 GC heap after
Heap after GC invocations=18 (full 2):
 PSYoungGen      total 131584K, used 18944K [0x00000000eab00000, 0x00000000f5480000, 0x0000000100000000)
  eden space 112640K, 0% used [0x00000000eab00000,0x00000000eab00000,0x00000000f1900000)
  from space 18944K, 100% used [0x00000000f3100000,0x00000000f4380000,0x00000000f4380000)
  to   space 24576K, 0% used [0x00000000f1900000,0x00000000f1900000,0x00000000f3100000)
 ParOldGen       total 59392K, used 32590K [0x00000000c0000000, 0x00000000c3a00000, 0x00000000eab00000)
  object space 59392K, 54% used [0x00000000c0000000,0x00000000c1fd39e8,0x00000000c3a00000)
 Metaspace       used 54827K, capacity 56844K, committed 56920K, reserved 1097728K
  class space    used 7462K, capacity 8032K, committed 8064K, reserved 1048576K
}
Event: 21.897 GC heap before
{Heap before GC invocations=19 (full 2):
 PSYoungGen      total 131584K, used 76732K [0x00000000eab00000, 0x00000000f5480000, 0x0000000100000000)
  eden space 112640K, 51% used [0x00000000eab00000,0x00000000ee36f198,0x00000000f1900000)
  from space 18944K, 100% used [0x00000000f3100000,0x00000000f4380000,0x00000000f4380000)
  to   space 24576K, 0% used [0x00000000f1900000,0x00000000f1900000,0x00000000f3100000)
 ParOldGen       total 59392K, used 32590K [0x00000000c0000000, 0x00000000c3a00000, 0x00000000eab00000)
  object space 59392K, 54% used [0x00000000c0000000,0x00000000c1fd39e8,0x00000000c3a00000)
 Metaspace       used 56636K, capacity 58896K, committed 59028K, reserved 1099776K
  class space    used 7753K, capacity 8360K, committed 8448K, reserved 1048576K
Event: 21.940 GC heap after
Heap after GC invocations=19 (full 2):
 PSYoungGen      total 137216K, used 6777K [0x00000000eab00000, 0x00000000f6180000, 0x0000000100000000)
  eden space 112640K, 0% used [0x00000000eab00000,0x00000000eab00000,0x00000000f1900000)
  from space 24576K, 27% used [0x00000000f1900000,0x00000000f1f9e440,0x00000000f3100000)
  to   space 23552K, 0% used [0x00000000f4a80000,0x00000000f4a80000,0x00000000f6180000)
 ParOldGen       total 59392K, used 51623K [0x00000000c0000000, 0x00000000c3a00000, 0x00000000eab00000)
  object space 59392K, 86% used [0x00000000c0000000,0x00000000c3269d78,0x00000000c3a00000)
 Metaspace       used 56636K, capacity 58896K, committed 59028K, reserved 1099776K
  class space    used 7753K, capacity 8360K, committed 8448K, reserved 1048576K
}
Event: 21.941 GC heap before
{Heap before GC invocations=20 (full 3):
 PSYoungGen      total 137216K, used 6777K [0x00000000eab00000, 0x00000000f6180000, 0x0000000100000000)
  eden space 112640K, 0% used [0x00000000eab00000,0x00000000eab00000,0x00000000f1900000)
  from space 24576K, 27% used [0x00000000f1900000,0x00000000f1f9e440,0x00000000f3100000)
  to   space 23552K, 0% used [0x00000000f4a80000,0x00000000f4a80000,0x00000000f6180000)
 ParOldGen       total 59392K, used 51623K [0x00000000c0000000, 0x00000000c3a00000, 0x00000000eab00000)
  object space 59392K, 86% used [0x00000000c0000000,0x00000000c3269d78,0x00000000c3a00000)
 Metaspace       used 56636K, capacity 58896K, committed 59028K, reserved 1099776K
  class space    used 7753K, capacity 8360K, committed 8448K, reserved 1048576K
Event: 22.415 GC heap after
Heap after GC invocations=20 (full 3):
 PSYoungGen      total 137216K, used 0K [0x00000000eab00000, 0x00000000f6180000, 0x0000000100000000)
  eden space 112640K, 0% used [0x00000000eab00000,0x00000000eab00000,0x00000000f1900000)
  from space 24576K, 0% used [0x00000000f1900000,0x00000000f1900000,0x00000000f3100000)
  to   space 23552K, 0% used [0x00000000f4a80000,0x00000000f4a80000,0x00000000f6180000)
 ParOldGen       total 116224K, used 49731K [0x00000000c0000000, 0x00000000c7180000, 0x00000000eab00000)
  object space 116224K, 42% used [0x00000000c0000000,0x00000000c3090cf8,0x00000000c7180000)
 Metaspace       used 56636K, capacity 58896K, committed 59028K, reserved 1099776K
  class space    used 7753K, capacity 8360K, committed 8448K, reserved 1048576K
}

