# JRE version: OpenJDK Runtime Environment (8.0_152-b01) (build 1.8.0_152-release-915-b01)
# Java VM: OpenJDK 64-Bit Server VM (25.152-b01 mixed mode windows-amd64 compressed oops)
Heap:
 PSYoungGen      total 169472K, used 27684K [0x00000000eab00000, 0x00000000f6500000, 0x0000000100000000)
  eden space 153088K, 18% used [0x00000000eab00000,0x00000000ec609340,0x00000000f4080000)
  from space 16384K, 0% used [0x00000000f5080000,0x00000000f5080000,0x00000000f6080000)
  to   space 16384K, 0% used [0x00000000f4080000,0x00000000f4080000,0x00000000f5080000)
 ParOldGen       total 107520K, used 49528K [0x00000000c0000000, 0x00000000c6900000, 0x00000000eab00000)
  object space 107520K, 46% used [0x00000000c0000000,0x00000000c305e048,0x00000000c6900000)
 Metaspace       used 58671K, capacity 61312K, committed 61440K, reserved 1101824K
  class space    used 7966K, capacity 8629K, committed 8704K, reserved 1048576K
GC Heap History (10 events):
Event: 25.417 GC heap before
{Heap before GC invocations=15 (full 2):
 PSYoungGen      total 96768K, used 96518K [0x00000000eab00000, 0x00000000f1700000, 0x0000000100000000)
  eden space 90112K, 100% used [0x00000000eab00000,0x00000000f0300000,0x00000000f0300000)
  from space 6656K, 96% used [0x00000000f1080000,0x00000000f16c18f8,0x00000000f1700000)
  to   space 9216K, 0% used [0x00000000f0500000,0x00000000f0500000,0x00000000f0e00000)
 ParOldGen       total 54272K, used 15823K [0x00000000c0000000, 0x00000000c3500000, 0x00000000eab00000)
  object space 54272K, 29% used [0x00000000c0000000,0x00000000c0f73f20,0x00000000c3500000)
 Metaspace       used 46924K, capacity 47990K, committed 48256K, reserved 1091584K
  class space    used 6294K, capacity 6675K, committed 6784K, reserved 1048576K
Event: 25.448 GC heap after
Heap after GC invocations=15 (full 2):
 PSYoungGen      total 101376K, used 9188K [0x00000000eab00000, 0x00000000f3300000, 0x0000000100000000)
  eden space 92160K, 0% used [0x00000000eab00000,0x00000000eab00000,0x00000000f0500000)
  from space 9216K, 99% used [0x00000000f0500000,0x00000000f0df9290,0x00000000f0e00000)
  to   space 11776K, 0% used [0x00000000f2780000,0x00000000f2780000,0x00000000f3300000)
 ParOldGen       total 54272K, used 19144K [0x00000000c0000000, 0x00000000c3500000, 0x00000000eab00000)
  object space 54272K, 35% used [0x00000000c0000000,0x00000000c12b21c8,0x00000000c3500000)
 Metaspace       used 46924K, capacity 47990K, committed 48256K, reserved 1091584K
  class space    used 6294K, capacity 6675K, committed 6784K, reserved 1048576K
}
Event: 27.999 GC heap before
{Heap before GC invocations=16 (full 2):
 PSYoungGen      total 101376K, used 101348K [0x00000000eab00000, 0x00000000f3300000, 0x0000000100000000)
  eden space 92160K, 100% used [0x00000000eab00000,0x00000000f0500000,0x00000000f0500000)
  from space 9216K, 99% used [0x00000000f0500000,0x00000000f0df9290,0x00000000f0e00000)
  to   space 11776K, 0% used [0x00000000f2780000,0x00000000f2780000,0x00000000f3300000)
 ParOldGen       total 54272K, used 19144K [0x00000000c0000000, 0x00000000c3500000, 0x00000000eab00000)
  object space 54272K, 35% used [0x00000000c0000000,0x00000000c12b21c8,0x00000000c3500000)
 Metaspace       used 52001K, capacity 53696K, committed 53888K, reserved 1095680K
  class space    used 7023K, capacity 7494K, committed 7552K, reserved 1048576K
Event: 28.044 GC heap after
Heap after GC invocations=16 (full 2):
 PSYoungGen      total 126976K, used 8844K [0x00000000eab00000, 0x00000000f3a00000, 0x0000000100000000)
  eden space 115200K, 0% used [0x00000000eab00000,0x00000000eab00000,0x00000000f1b80000)
  from space 11776K, 75% used [0x00000000f2780000,0x00000000f3023048,0x00000000f3300000)
  to   space 12288K, 0% used [0x00000000f1b80000,0x00000000f1b80000,0x00000000f2780000)
 ParOldGen       total 54272K, used 27993K [0x00000000c0000000, 0x00000000c3500000, 0x00000000eab00000)
  object space 54272K, 51% used [0x00000000c0000000,0x00000000c1b56540,0x00000000c3500000)
 Metaspace       used 52001K, capacity 53696K, committed 53888K, reserved 1095680K
  class space    used 7023K, capacity 7494K, committed 7552K, reserved 1048576K
}
Event: 30.654 GC heap before
{Heap before GC invocations=17 (full 2):
 PSYoungGen      total 126976K, used 124044K [0x00000000eab00000, 0x00000000f3a00000, 0x0000000100000000)
  eden space 115200K, 100% used [0x00000000eab00000,0x00000000f1b80000,0x00000000f1b80000)
  from space 11776K, 75% used [0x00000000f2780000,0x00000000f3023048,0x00000000f3300000)
  to   space 12288K, 0% used [0x00000000f1b80000,0x00000000f1b80000,0x00000000f2780000)
 ParOldGen       total 54272K, used 27993K [0x00000000c0000000, 0x00000000c3500000, 0x00000000eab00000)
  object space 54272K, 51% used [0x00000000c0000000,0x00000000c1b56540,0x00000000c3500000)
 Metaspace       used 55447K, capacity 57786K, committed 57856K, reserved 1099776K
  class space    used 7595K, capacity 8178K, committed 8192K, reserved 1048576K
Event: 30.686 GC heap after
Heap after GC invocations=17 (full 2):
 PSYoungGen      total 127488K, used 12288K [0x00000000eab00000, 0x00000000f6080000, 0x0000000100000000)
  eden space 115200K, 0% used [0x00000000eab00000,0x00000000eab00000,0x00000000f1b80000)
  from space 12288K, 100% used [0x00000000f1b80000,0x00000000f2780000,0x00000000f2780000)
  to   space 16384K, 0% used [0x00000000f5080000,0x00000000f5080000,0x00000000f6080000)
 ParOldGen       total 54272K, used 34922K [0x00000000c0000000, 0x00000000c3500000, 0x00000000eab00000)
  object space 54272K, 64% used [0x00000000c0000000,0x00000000c221aa38,0x00000000c3500000)
 Metaspace       used 55447K, capacity 57786K, committed 57856K, reserved 1099776K
  class space    used 7595K, capacity 8178K, committed 8192K, reserved 1048576K
}
Event: 33.285 GC heap before
{Heap before GC invocations=18 (full 2):
 PSYoungGen      total 127488K, used 95754K [0x00000000eab00000, 0x00000000f6080000, 0x0000000100000000)
  eden space 115200K, 72% used [0x00000000eab00000,0x00000000efc82840,0x00000000f1b80000)
  from space 12288K, 100% used [0x00000000f1b80000,0x00000000f2780000,0x00000000f2780000)
  to   space 16384K, 0% used [0x00000000f5080000,0x00000000f5080000,0x00000000f6080000)
 ParOldGen       total 54272K, used 34922K [0x00000000c0000000, 0x00000000c3500000, 0x00000000eab00000)
  object space 54272K, 64% used [0x00000000c0000000,0x00000000c221aa38,0x00000000c3500000)
 Metaspace       used 56598K, capacity 58868K, committed 59028K, reserved 1099776K
  class space    used 7742K, capacity 8328K, committed 8448K, reserved 1048576K
Event: 33.351 GC heap after
Heap after GC invocations=18 (full 2):
 PSYoungGen      total 169472K, used 9657K [0x00000000eab00000, 0x00000000f6500000, 0x0000000100000000)
  eden space 153088K, 0% used [0x00000000eab00000,0x00000000eab00000,0x00000000f4080000)
  from space 16384K, 58% used [0x00000000f5080000,0x00000000f59ee440,0x00000000f6080000)
  to   space 16384K, 0% used [0x00000000f4080000,0x00000000f4080000,0x00000000f5080000)
 ParOldGen       total 54272K, used 47227K [0x00000000c0000000, 0x00000000c3500000, 0x00000000eab00000)
  object space 54272K, 87% used [0x00000000c0000000,0x00000000c2e1efa0,0x00000000c3500000)
 Metaspace       used 56598K, capacity 58868K, committed 59028K, reserved 1099776K
  class space    used 7742K, capacity 8328K, committed 8448K, reserved 1048576K
}
Event: 33.351 GC heap before
{Heap before GC invocations=19 (full 3):
 PSYoungGen      total 169472K, used 9657K [0x00000000eab00000, 0x00000000f6500000, 0x0000000100000000)
  eden space 153088K, 0% used [0x00000000eab00000,0x00000000eab00000,0x00000000f4080000)
  from space 16384K, 58% used [0x00000000f5080000,0x00000000f59ee440,0x00000000f6080000)
  to   space 16384K, 0% used [0x00000000f4080000,0x00000000f4080000,0x00000000f5080000)
 ParOldGen       total 54272K, used 47227K [0x00000000c0000000, 0x00000000c3500000, 0x00000000eab00000)
  object space 54272K, 87% used [0x00000000c0000000,0x00000000c2e1efa0,0x00000000c3500000)
 Metaspace       used 56598K, capacity 58868K, committed 59028K, reserved 1099776K
  class space    used 7742K, capacity 8328K, committed 8448K, reserved 1048576K
Event: 33.921 GC heap after
Heap after GC invocations=19 (full 3):
 PSYoungGen      total 169472K, used 0K [0x00000000eab00000, 0x00000000f6500000, 0x0000000100000000)
  eden space 153088K, 0% used [0x00000000eab00000,0x00000000eab00000,0x00000000f4080000)
  from space 16384K, 0% used [0x00000000f5080000,0x00000000f5080000,0x00000000f6080000)
  to   space 16384K, 0% used [0x00000000f4080000,0x00000000f4080000,0x00000000f5080000)
 ParOldGen       total 107520K, used 49528K [0x00000000c0000000, 0x00000000c6900000, 0x00000000eab00000)
  object space 107520K, 46% used [0x00000000c0000000,0x00000000c305e048,0x00000000c6900000)
 Metaspace       used 56598K, capacity 58868K, committed 59028K, reserved 1099776K
  class space    used 7742K, capacity 8328K, committed 8448K, reserved 1048576K
}

