# JRE version: OpenJDK Runtime Environment (8.0_152-b01) (build 1.8.0_152-release-915-b01)
# Java VM: OpenJDK 64-Bit Server VM (25.152-b01 mixed mode windows-amd64 compressed oops)
Heap:
 PSYoungGen      total 67584K, used 24007K [0x00000000eab00000, 0x00000000f0700000, 0x0000000100000000)
  eden space 60928K, 39% used [0x00000000eab00000,0x00000000ec271f60,0x00000000ee680000)
  from space 6656K, 0% used [0x00000000ee680000,0x00000000ee680000,0x00000000eed00000)
  to   space 6144K, 0% used [0x00000000f0100000,0x00000000f0100000,0x00000000f0700000)
 ParOldGen       total 32256K, used 15199K [0x00000000c0000000, 0x00000000c1f80000, 0x00000000eab00000)
  object space 32256K, 47% used [0x00000000c0000000,0x00000000c0ed7e90,0x00000000c1f80000)
 Metaspace       used 37345K, capacity 38012K, committed 38360K, reserved 1083392K
  class space    used 5022K, capacity 5296K, committed 5376K, reserved 1048576K
GC Heap History (10 events):
Event: 8.513 GC heap before
{Heap before GC invocations=11 (full 1):
 PSYoungGen      total 37888K, used 35544K [0x00000000eab00000, 0x00000000ee300000, 0x0000000100000000)
  eden space 31744K, 100% used [0x00000000eab00000,0x00000000eca00000,0x00000000eca00000)
  from space 6144K, 61% used [0x00000000eca00000,0x00000000ecdb62f8,0x00000000ed000000)
  to   space 6144K, 0% used [0x00000000edd00000,0x00000000edd00000,0x00000000ee300000)
 ParOldGen       total 32256K, used 8068K [0x00000000c0000000, 0x00000000c1f80000, 0x00000000eab00000)
  object space 32256K, 25% used [0x00000000c0000000,0x00000000c07e13f8,0x00000000c1f80000)
 Metaspace       used 25794K, capacity 26338K, committed 26496K, reserved 1073152K
  class space    used 3497K, capacity 3698K, committed 3712K, reserved 1048576K
Event: 8.523 GC heap after
Heap after GC invocations=11 (full 1):
 PSYoungGen      total 50688K, used 5463K [0x00000000eab00000, 0x00000000ee380000, 0x0000000100000000)
  eden space 44544K, 0% used [0x00000000eab00000,0x00000000eab00000,0x00000000ed680000)
  from space 6144K, 88% used [0x00000000edd00000,0x00000000ee255de0,0x00000000ee300000)
  to   space 6656K, 0% used [0x00000000ed680000,0x00000000ed680000,0x00000000edd00000)
 ParOldGen       total 32256K, used 8076K [0x00000000c0000000, 0x00000000c1f80000, 0x00000000eab00000)
  object space 32256K, 25% used [0x00000000c0000000,0x00000000c07e33f8,0x00000000c1f80000)
 Metaspace       used 25794K, capacity 26338K, committed 26496K, reserved 1073152K
  class space    used 3497K, capacity 3698K, committed 3712K, reserved 1048576K
}
Event: 9.857 GC heap before
{Heap before GC invocations=12 (full 1):
 PSYoungGen      total 50688K, used 50007K [0x00000000eab00000, 0x00000000ee380000, 0x0000000100000000)
  eden space 44544K, 100% used [0x00000000eab00000,0x00000000ed680000,0x00000000ed680000)
  from space 6144K, 88% used [0x00000000edd00000,0x00000000ee255de0,0x00000000ee300000)
  to   space 6656K, 0% used [0x00000000ed680000,0x00000000ed680000,0x00000000edd00000)
 ParOldGen       total 32256K, used 8076K [0x00000000c0000000, 0x00000000c1f80000, 0x00000000eab00000)
  object space 32256K, 25% used [0x00000000c0000000,0x00000000c07e33f8,0x00000000c1f80000)
 Metaspace       used 29960K, capacity 30540K, committed 30720K, reserved 1075200K
  class space    used 4094K, capacity 4287K, committed 4352K, reserved 1048576K
Event: 9.876 GC heap after
Heap after GC invocations=12 (full 1):
 PSYoungGen      total 51200K, used 4018K [0x00000000eab00000, 0x00000000ef380000, 0x0000000100000000)
  eden space 44544K, 0% used [0x00000000eab00000,0x00000000eab00000,0x00000000ed680000)
  from space 6656K, 60% used [0x00000000ed680000,0x00000000eda6cad8,0x00000000edd00000)
  to   space 6144K, 0% used [0x00000000eed80000,0x00000000eed80000,0x00000000ef380000)
 ParOldGen       total 32256K, used 11873K [0x00000000c0000000, 0x00000000c1f80000, 0x00000000eab00000)
  object space 32256K, 36% used [0x00000000c0000000,0x00000000c0b98788,0x00000000c1f80000)
 Metaspace       used 29960K, capacity 30540K, committed 30720K, reserved 1075200K
  class space    used 4094K, capacity 4287K, committed 4352K, reserved 1048576K
}
Event: 11.322 GC heap before
{Heap before GC invocations=13 (full 1):
 PSYoungGen      total 51200K, used 48562K [0x00000000eab00000, 0x00000000ef380000, 0x0000000100000000)
  eden space 44544K, 100% used [0x00000000eab00000,0x00000000ed680000,0x00000000ed680000)
  from space 6656K, 60% used [0x00000000ed680000,0x00000000eda6cad8,0x00000000edd00000)
  to   space 6144K, 0% used [0x00000000eed80000,0x00000000eed80000,0x00000000ef380000)
 ParOldGen       total 32256K, used 11873K [0x00000000c0000000, 0x00000000c1f80000, 0x00000000eab00000)
  object space 32256K, 36% used [0x00000000c0000000,0x00000000c0b98788,0x00000000c1f80000)
 Metaspace       used 30398K, capacity 30892K, committed 31232K, reserved 1077248K
  class space    used 4124K, capacity 4319K, committed 4352K, reserved 1048576K
Event: 11.329 GC heap after
Heap after GC invocations=13 (full 1):
 PSYoungGen      total 67072K, used 896K [0x00000000eab00000, 0x00000000ef380000, 0x0000000100000000)
  eden space 60928K, 0% used [0x00000000eab00000,0x00000000eab00000,0x00000000ee680000)
  from space 6144K, 14% used [0x00000000eed80000,0x00000000eee60000,0x00000000ef380000)
  to   space 6656K, 0% used [0x00000000ee680000,0x00000000ee680000,0x00000000eed00000)
 ParOldGen       total 32256K, used 13054K [0x00000000c0000000, 0x00000000c1f80000, 0x00000000eab00000)
  object space 32256K, 40% used [0x00000000c0000000,0x00000000c0cbfa38,0x00000000c1f80000)
 Metaspace       used 30398K, capacity 30892K, committed 31232K, reserved 1077248K
  class space    used 4124K, capacity 4319K, committed 4352K, reserved 1048576K
}
Event: 12.892 GC heap before
{Heap before GC invocations=14 (full 1):
 PSYoungGen      total 67072K, used 30556K [0x00000000eab00000, 0x00000000ef380000, 0x0000000100000000)
  eden space 60928K, 48% used [0x00000000eab00000,0x00000000ec7f73e8,0x00000000ee680000)
  from space 6144K, 14% used [0x00000000eed80000,0x00000000eee60000,0x00000000ef380000)
  to   space 6656K, 0% used [0x00000000ee680000,0x00000000ee680000,0x00000000eed00000)
 ParOldGen       total 32256K, used 13054K [0x00000000c0000000, 0x00000000c1f80000, 0x00000000eab00000)
  object space 32256K, 40% used [0x00000000c0000000,0x00000000c0cbfa38,0x00000000c1f80000)
 Metaspace       used 34525K, capacity 35208K, committed 35416K, reserved 1079296K
  class space    used 4660K, capacity 4894K, committed 4992K, reserved 1048576K
Event: 12.907 GC heap after
Heap after GC invocations=14 (full 1):
 PSYoungGen      total 67584K, used 3872K [0x00000000eab00000, 0x00000000f0700000, 0x0000000100000000)
  eden space 60928K, 0% used [0x00000000eab00000,0x00000000eab00000,0x00000000ee680000)
  from space 6656K, 58% used [0x00000000ee680000,0x00000000eea48348,0x00000000eed00000)
  to   space 6144K, 0% used [0x00000000f0100000,0x00000000f0100000,0x00000000f0700000)
 ParOldGen       total 32256K, used 13738K [0x00000000c0000000, 0x00000000c1f80000, 0x00000000eab00000)
  object space 32256K, 42% used [0x00000000c0000000,0x00000000c0d6aa58,0x00000000c1f80000)
 Metaspace       used 34525K, capacity 35208K, committed 35416K, reserved 1079296K
  class space    used 4660K, capacity 4894K, committed 4992K, reserved 1048576K
}
Event: 12.907 GC heap before
{Heap before GC invocations=15 (full 2):
 PSYoungGen      total 67584K, used 3872K [0x00000000eab00000, 0x00000000f0700000, 0x0000000100000000)
  eden space 60928K, 0% used [0x00000000eab00000,0x00000000eab00000,0x00000000ee680000)
  from space 6656K, 58% used [0x00000000ee680000,0x00000000eea48348,0x00000000eed00000)
  to   space 6144K, 0% used [0x00000000f0100000,0x00000000f0100000,0x00000000f0700000)
 ParOldGen       total 32256K, used 13738K [0x00000000c0000000, 0x00000000c1f80000, 0x00000000eab00000)
  object space 32256K, 42% used [0x00000000c0000000,0x00000000c0d6aa58,0x00000000c1f80000)
 Metaspace       used 34525K, capacity 35208K, committed 35416K, reserved 1079296K
  class space    used 4660K, capacity 4894K, committed 4992K, reserved 1048576K
Event: 13.067 GC heap after
Heap after GC invocations=15 (full 2):
 PSYoungGen      total 67584K, used 0K [0x00000000eab00000, 0x00000000f0700000, 0x0000000100000000)
  eden space 60928K, 0% used [0x00000000eab00000,0x00000000eab00000,0x00000000ee680000)
  from space 6656K, 0% used [0x00000000ee680000,0x00000000ee680000,0x00000000eed00000)
  to   space 6144K, 0% used [0x00000000f0100000,0x00000000f0100000,0x00000000f0700000)
 ParOldGen       total 32256K, used 15199K [0x00000000c0000000, 0x00000000c1f80000, 0x00000000eab00000)
  object space 32256K, 47% used [0x00000000c0000000,0x00000000c0ed7e90,0x00000000c1f80000)
 Metaspace       used 34525K, capacity 35208K, committed 35416K, reserved 1079296K
  class space    used 4660K, capacity 4894K, committed 4992K, reserved 1048576K
}

