# JRE version: OpenJDK Runtime Environment (8.0_152-b01) (build 1.8.0_152-release-915-b01)
# Java VM: OpenJDK 64-Bit Server VM (25.152-b01 mixed mode windows-amd64 compressed oops)
Heap:
 PSYoungGen      total 95744K, used 33225K [0x00000000eab00000, 0x00000000f2500000, 0x0000000100000000)
  eden space 85504K, 38% used [0x00000000eab00000,0x00000000ecb727e0,0x00000000efe80000)
  from space 10240K, 0% used [0x00000000efe80000,0x00000000efe80000,0x00000000f0880000)
  to   space 11264K, 0% used [0x00000000f1a00000,0x00000000f1a00000,0x00000000f2500000)
 ParOldGen       total 65536K, used 15799K [0x00000000c0000000, 0x00000000c4000000, 0x00000000eab00000)
  object space 65536K, 24% used [0x00000000c0000000,0x00000000c0f6dda0,0x00000000c4000000)
 Metaspace       used 37374K, capacity 38012K, committed 38232K, reserved 1083392K
  class space    used 5006K, capacity 5245K, committed 5248K, reserved 1048576K
GC Heap History (10 events):
Event: 4.695 GC heap before
{Heap before GC invocations=7 (full 1):
 PSYoungGen      total 72192K, used 6984K [0x00000000eab00000, 0x00000000efc00000, 0x0000000100000000)
  eden space 64512K, 0% used [0x00000000eab00000,0x00000000eab00000,0x00000000eea00000)
  from space 7680K, 90% used [0x00000000ef280000,0x00000000ef9522b0,0x00000000efa00000)
  to   space 8704K, 0% used [0x00000000eea00000,0x00000000eea00000,0x00000000ef280000)
 ParOldGen       total 44032K, used 8443K [0x00000000c0000000, 0x00000000c2b00000, 0x00000000eab00000)
  object space 44032K, 19% used [0x00000000c0000000,0x00000000c083ed60,0x00000000c2b00000)
 Metaspace       used 20699K, capacity 21060K, committed 21248K, reserved 1067008K
  class space    used 2851K, capacity 2985K, committed 3072K, reserved 1048576K
Event: 4.784 GC heap after
Heap after GC invocations=7 (full 1):
 PSYoungGen      total 72192K, used 0K [0x00000000eab00000, 0x00000000efc00000, 0x0000000100000000)
  eden space 64512K, 0% used [0x00000000eab00000,0x00000000eab00000,0x00000000eea00000)
  from space 7680K, 0% used [0x00000000ef280000,0x00000000ef280000,0x00000000efa00000)
  to   space 8704K, 0% used [0x00000000eea00000,0x00000000eea00000,0x00000000ef280000)
 ParOldGen       total 40960K, used 8685K [0x00000000c0000000, 0x00000000c2800000, 0x00000000eab00000)
  object space 40960K, 21% used [0x00000000c0000000,0x00000000c087b660,0x00000000c2800000)
 Metaspace       used 20699K, capacity 21060K, committed 21248K, reserved 1067008K
  class space    used 2851K, capacity 2985K, committed 3072K, reserved 1048576K
}
Event: 6.657 GC heap before
{Heap before GC invocations=8 (full 1):
 PSYoungGen      total 72192K, used 64512K [0x00000000eab00000, 0x00000000efc00000, 0x0000000100000000)
  eden space 64512K, 100% used [0x00000000eab00000,0x00000000eea00000,0x00000000eea00000)
  from space 7680K, 0% used [0x00000000ef280000,0x00000000ef280000,0x00000000efa00000)
  to   space 8704K, 0% used [0x00000000eea00000,0x00000000eea00000,0x00000000ef280000)
 ParOldGen       total 40960K, used 8685K [0x00000000c0000000, 0x00000000c2800000, 0x00000000eab00000)
  object space 40960K, 21% used [0x00000000c0000000,0x00000000c087b660,0x00000000c2800000)
 Metaspace       used 25639K, capacity 26050K, committed 26240K, reserved 1071104K
  class space    used 3502K, capacity 3679K, committed 3712K, reserved 1048576K
Event: 6.668 GC heap after
Heap after GC invocations=8 (full 1):
 PSYoungGen      total 73216K, used 7095K [0x00000000eab00000, 0x00000000f1180000, 0x0000000100000000)
  eden space 64512K, 0% used [0x00000000eab00000,0x00000000eab00000,0x00000000eea00000)
  from space 8704K, 81% used [0x00000000eea00000,0x00000000ef0edf30,0x00000000ef280000)
  to   space 9216K, 0% used [0x00000000f0880000,0x00000000f0880000,0x00000000f1180000)
 ParOldGen       total 40960K, used 8693K [0x00000000c0000000, 0x00000000c2800000, 0x00000000eab00000)
  object space 40960K, 21% used [0x00000000c0000000,0x00000000c087d660,0x00000000c2800000)
 Metaspace       used 25639K, capacity 26050K, committed 26240K, reserved 1071104K
  class space    used 3502K, capacity 3679K, committed 3712K, reserved 1048576K
}
Event: 8.707 GC heap before
{Heap before GC invocations=9 (full 1):
 PSYoungGen      total 73216K, used 71607K [0x00000000eab00000, 0x00000000f1180000, 0x0000000100000000)
  eden space 64512K, 100% used [0x00000000eab00000,0x00000000eea00000,0x00000000eea00000)
  from space 8704K, 81% used [0x00000000eea00000,0x00000000ef0edf30,0x00000000ef280000)
  to   space 9216K, 0% used [0x00000000f0880000,0x00000000f0880000,0x00000000f1180000)
 ParOldGen       total 40960K, used 8693K [0x00000000c0000000, 0x00000000c2800000, 0x00000000eab00000)
  object space 40960K, 21% used [0x00000000c0000000,0x00000000c087d660,0x00000000c2800000)
 Metaspace       used 29906K, capacity 30342K, committed 30720K, reserved 1075200K
  class space    used 4068K, capacity 4234K, committed 4352K, reserved 1048576K
Event: 8.727 GC heap after
Heap after GC invocations=9 (full 1):
 PSYoungGen      total 94720K, used 7795K [0x00000000eab00000, 0x00000000f1380000, 0x0000000100000000)
  eden space 85504K, 0% used [0x00000000eab00000,0x00000000eab00000,0x00000000efe80000)
  from space 9216K, 84% used [0x00000000f0880000,0x00000000f101cd90,0x00000000f1180000)
  to   space 10240K, 0% used [0x00000000efe80000,0x00000000efe80000,0x00000000f0880000)
 ParOldGen       total 40960K, used 8701K [0x00000000c0000000, 0x00000000c2800000, 0x00000000eab00000)
  object space 40960K, 21% used [0x00000000c0000000,0x00000000c087f660,0x00000000c2800000)
 Metaspace       used 29906K, capacity 30342K, committed 30720K, reserved 1075200K
  class space    used 4068K, capacity 4234K, committed 4352K, reserved 1048576K
}
Event: 10.673 GC heap before
{Heap before GC invocations=10 (full 1):
 PSYoungGen      total 94720K, used 65241K [0x00000000eab00000, 0x00000000f1380000, 0x0000000100000000)
  eden space 85504K, 67% used [0x00000000eab00000,0x00000000ee3196e0,0x00000000efe80000)
  from space 9216K, 84% used [0x00000000f0880000,0x00000000f101cd90,0x00000000f1180000)
  to   space 10240K, 0% used [0x00000000efe80000,0x00000000efe80000,0x00000000f0880000)
 ParOldGen       total 40960K, used 8701K [0x00000000c0000000, 0x00000000c2800000, 0x00000000eab00000)
  object space 40960K, 21% used [0x00000000c0000000,0x00000000c087f660,0x00000000c2800000)
 Metaspace       used 34609K, capacity 35240K, committed 35416K, reserved 1079296K
  class space    used 4680K, capacity 4939K, committed 4992K, reserved 1048576K
Event: 10.686 GC heap after
Heap after GC invocations=10 (full 1):
 PSYoungGen      total 95744K, used 9666K [0x00000000eab00000, 0x00000000f2500000, 0x0000000100000000)
  eden space 85504K, 0% used [0x00000000eab00000,0x00000000eab00000,0x00000000efe80000)
  from space 10240K, 94% used [0x00000000efe80000,0x00000000f07f08e0,0x00000000f0880000)
  to   space 11264K, 0% used [0x00000000f1a00000,0x00000000f1a00000,0x00000000f2500000)
 ParOldGen       total 40960K, used 8773K [0x00000000c0000000, 0x00000000c2800000, 0x00000000eab00000)
  object space 40960K, 21% used [0x00000000c0000000,0x00000000c0891670,0x00000000c2800000)
 Metaspace       used 34609K, capacity 35240K, committed 35416K, reserved 1079296K
  class space    used 4680K, capacity 4939K, committed 4992K, reserved 1048576K
}
Event: 10.686 GC heap before
{Heap before GC invocations=11 (full 2):
 PSYoungGen      total 95744K, used 9666K [0x00000000eab00000, 0x00000000f2500000, 0x0000000100000000)
  eden space 85504K, 0% used [0x00000000eab00000,0x00000000eab00000,0x00000000efe80000)
  from space 10240K, 94% used [0x00000000efe80000,0x00000000f07f08e0,0x00000000f0880000)
  to   space 11264K, 0% used [0x00000000f1a00000,0x00000000f1a00000,0x00000000f2500000)
 ParOldGen       total 40960K, used 8773K [0x00000000c0000000, 0x00000000c2800000, 0x00000000eab00000)
  object space 40960K, 21% used [0x00000000c0000000,0x00000000c0891670,0x00000000c2800000)
 Metaspace       used 34609K, capacity 35240K, committed 35416K, reserved 1079296K
  class space    used 4680K, capacity 4939K, committed 4992K, reserved 1048576K
Event: 10.771 GC heap after
Heap after GC invocations=11 (full 2):
 PSYoungGen      total 95744K, used 0K [0x00000000eab00000, 0x00000000f2500000, 0x0000000100000000)
  eden space 85504K, 0% used [0x00000000eab00000,0x00000000eab00000,0x00000000efe80000)
  from space 10240K, 0% used [0x00000000efe80000,0x00000000efe80000,0x00000000f0880000)
  to   space 11264K, 0% used [0x00000000f1a00000,0x00000000f1a00000,0x00000000f2500000)
 ParOldGen       total 65536K, used 15799K [0x00000000c0000000, 0x00000000c4000000, 0x00000000eab00000)
  object space 65536K, 24% used [0x00000000c0000000,0x00000000c0f6dda0,0x00000000c4000000)
 Metaspace       used 34609K, capacity 35240K, committed 35416K, reserved 1079296K
  class space    used 4680K, capacity 4939K, committed 4992K, reserved 1048576K
}

